<?xml version="1.0" encoding="UTF-8"?>
<!-- Generated by org.testng.reporters.JUnitXMLReporter -->
<testsuite hostname="Aihtesham" ignored="0" name="Test" tests="1" failures="1" timestamp="30 Aug 2020 12:47:21 GMT" time="0.224" errors="0">
  <testcase name="doLogin" time="0.05" classname="realprojectEE.RealTimePrj.LoginTest">
    <failure type="java.lang.NullPointerException">
      <![CDATA[java.lang.NullPointerException
at realprojectEE.RealTimePrj.LoginTest.doLogin(LoginTest.java:16)
... Removed 25 stack frames]]>
    </failure>
  </testcase> <!-- doLogin -->
</testsuite> <!-- Test -->
